07/10/2018 16:00:37 Guardião Itaú, versão 2.0 Descrição do processo de instalação do Guardião. As informações contidas nesse documento poderão ser solicitadas pela central de atendimento caso ocorra um erro no processo de instalação. A exclusão desse documento não acarreta nenhum problema de performance na sua máquina.
07/10/2018 16:00:37 2.0.0.0
07/10/2018 16:00:37 Usuário: 99Taxis(Administrador)
07/10/2018 16:00:37 Versão do Sistema Operacional: 6.2.9200
07/10/2018 16:00:37 64 Bits: true
07/10/2018 16:00:37  55.0.2.6435 ( 55.0 )
07/10/2018 16:00:37 UAC: Ativado
07/10/2018 16:00:37 Verificando se Firefox está instalado...
07/10/2018 16:00:37 Firefox instalado, ajustando configurações necessárias...
07/10/2018 16:00:37 [Configurações gerais] Verificando...
07/10/2018 16:00:37 [Configurações gerais] Ok.
07/10/2018 16:00:37 [Instalação de certificados raiz] Verificando...
07/10/2018 16:00:37 [Instalação de certificados raiz] Efetuando download ...
07/10/2018 16:00:39 [Instalação de certificados raiz] Instalando...
07/10/2018 16:00:39 [Instalação de certificados raiz] Ok.
07/10/2018 16:00:39 [Configurações gerais] Verificando...
07/10/2018 16:00:39 [Configurações gerais] Ok.
07/10/2018 16:00:39 [Configurações gerais] Verificando...
07/10/2018 16:00:39 [Configurações gerais] Ok.
07/10/2018 16:00:39 [Verificando versões anteriores] Verificando...
07/10/2018 16:00:39 [Verificando versões anteriores] Ok.
07/10/2018 16:00:39 [Executando a instalação do Guardião] Verificando...
07/10/2018 16:00:39 [Executando a instalação do Guardião] Efetuando download ...
07/10/2018 16:00:43 [Executando a instalação do Guardião] Instalando...
07/10/2018 16:00:49 [Executando a instalação do Guardião] Ok.
07/10/2018 16:00:49 [Restaurando os registros do Warsaw] Verificando...
07/10/2018 16:00:49 [Restaurando os registros do Warsaw] Ok.
07/10/2018 16:00:49 [Verificando arquivos do Guardião] Verificando...
07/10/2018 16:00:49 [Verificando arquivos do Guardião] Ok.
07/10/2018 16:00:49 [Instalando Cliente do Guardião] Verificando...
